hello-module-1.0: hello-module: The LIC_FILES_CHKSUM does not match for file://COPYING;md5=12f884d2ae1ff87c09e5b7ccc2c4ca7e
hello-module: The new md5 checksum is a5fc6641c48ade2392ed6ecbde9f9826
hello-module: Here is the selected license text:
vvvvvvvvvvvvvvvvvvvvvvvvvvvvvvvvvvvvvvvvvvvvvvvvvvvvvvvvvvvvvvvvvvvvvv
                   GNU GENERAL PUBLIC LICENSE
                      Version 2, June 1991

 Copyright (C) 1989, 1991 Free Software Foundation, Inc.
 51 Franklin Street, Fifth Floor, Boston, MA 02110-1301, USA

 Everyone is permitted to copy and distribute verbatim copies
 of this license document, but changing it is not allowed.

                           Preamble
...
REDISTRIBUTE THE PROGRAM AS PERMITTED ABOVE, BE LIABLE TO YOU FOR DAMAGES,
INCLUDING ANY GENERAL, SPECIAL, INCIDENTAL OR CONSEQUENTIAL DAMAGES ARISING
OUT OF THE USE OR INABILITY TO USE THE PROGRAM (INCLUDING BUT NOT LIMITED
TO LOSS OF DATA OR DATA BEING RENDERED INACCURATE OR LOSSES SUSTAINED BY
YOU OR THIRD PARTIES OR A FAILURE OF THE PROGRAM TO OPERATE WITH ANY OTHER
PROGRAMS), EVEN IF SUCH HOLDER OR OTHER PARTY HAS BEEN ADVISED OF THE
POSSIBILITY OF SUCH DAMAGES.

                     END OF TERMS AND CONDITIONS

^^^^^^^^^^^^^^^^^^^^^^^^^^^^^^^^^^^^^^^^^^^^^^^^^^^^^^^^^^^^^^^^^^^^^^
hello-module: Check if the license information has changed in /home/student/19/build/tmp/work/pynq-poky-linux-gnueabi/hello-module/1.0-r0/COPYING to verify that the LICENSE value "GPLv2" remains valid [license-checksum]
hello-module-1.0: hello-module: /kernel-module-hello-module-4.9.0-xilinx-v2017.3/lib/modules/4.9.0-xilinx-v2017.3/extra/hello_module.ko is owned by uid 1001, which is the same as the user running bitbake. This may be due to host contamination [host-user-contaminated]
